Traceback (most recent call last):
  File "/home/dkeathley/anaconda3/lib/python3.11/site-packages/jupyter_cache/executors/utils.py", line 58, in single_nb_execution
    executenb(
  File "/home/dkeathley/anaconda3/lib/python3.11/site-packages/nbclient/client.py", line 1204, in execute
    return NotebookClient(nb=nb, resources=resources, km=km, **kwargs).execute()
           ^^^^^^^^^^^^^^^^^^^^^^^^^^^^^^^^^^^^^^^^^^^^^^^^^^^^^^^^^^^^^^^^^^^^^
  File "/home/dkeathley/anaconda3/lib/python3.11/site-packages/nbclient/util.py", line 84, in wrapped
    return just_run(coro(*args, **kwargs))
           ^^^^^^^^^^^^^^^^^^^^^^^^^^^^^^^
  File "/home/dkeathley/anaconda3/lib/python3.11/site-packages/nbclient/util.py", line 62, in just_run
    return loop.run_until_complete(coro)
           ^^^^^^^^^^^^^^^^^^^^^^^^^^^^^
  File "/home/dkeathley/anaconda3/lib/python3.11/asyncio/base_events.py", line 653, in run_until_complete
    return future.result()
           ^^^^^^^^^^^^^^^
  File "/home/dkeathley/anaconda3/lib/python3.11/site-packages/nbclient/client.py", line 663, in async_execute
    await self.async_execute_cell(
  File "/home/dkeathley/anaconda3/lib/python3.11/site-packages/nbclient/client.py", line 965, in async_execute_cell
    await self._check_raise_for_error(cell, cell_index, exec_reply)
  File "/home/dkeathley/anaconda3/lib/python3.11/site-packages/nbclient/client.py", line 862, in _check_raise_for_error
    raise CellExecutionError.from_cell_and_msg(cell, exec_reply_content)
nbclient.exceptions.CellExecutionError: An error occurred while executing the following cell:
------------------
import requests
import numpy as np
from urllib.request import urlopen
from requests.models import PreparedRequest
from lxml import html
import re
import time

# User Parameters
integrationTimeValue = 1000 # Integration time in ms, min = 100, max = 10000
pauseTimeValue = 1 # Pause time for motion in s
url = 'http://169.254.69.140:8080/?'

# Accessible parameters
diodeCurrent = "ild"
motor1 = "pm1"
motor2 = "pm2"
integrationTime = "int"
countRate = "cnt"
moterRef = "mref"

def quED_Access(url, action, param, reply = 0, value = []):
    """
    Function that accesses QED via an ethernet connection
    Inputs:
        url - IP adddress of instrument (find in settings)
        action - 'set' or 'get'
        param - the parameter to set or get (see below)
        reply - gives response output text, default false, true to debug
        value - value to pass in, default is empty
    Outputs:
        finalData.response.text - raw string response from instrument
        finalData.name - name of channel measured
        finalData.data - data from measured channel
    """
    
    class finalData:
        pass
    
    # For reading values out
    if (value == []):
        params = {'action':action,'param':param}
        req = PreparedRequest()
        req.prepare_url(url, params)
        response = requests.get(req.url)
    
    # For setting values
    else:
        params = {'action':action,'param':param,'value':value}
        req = PreparedRequest()
        req.prepare_url(url, params)
        response = requests.get(req.url)
    
    if reply == 1:
        if action == 'set':
            print(response.text.split("<body>")[1].split("</body>")[0])
        else:
            print(response.text)
    
    # For case where we measure count data
    if param == 'cnt':
        rawArray = response.text.split('<br>')
        truncArray = rawArray[2:-2] 
        numElem = len(truncArray)
        dataArray = np.zeros(numElem)
        labelArray  = ['0' for i in range(numElem)]

        for elem in range(numElem-1):
            extractLine = truncArray[elem].split(':')
            labelArray[elem] = (extractLine[0])
            dataArray[elem] = int(extractLine[1])

        finalData.name = labelArray
        finalData.data = dataArray
    
    finalData.response = response
    return finalData

#-- Some examples using this code below...
output = quED_Access(url, 'get', 'cnt', reply = 0)
output.data
------------------

[0;31m---------------------------------------------------------------------------[0m
[0;31mModuleNotFoundError[0m                       Traceback (most recent call last)
Cell [0;32mIn[2], line 5[0m
[1;32m      3[0m [38;5;28;01mfrom[39;00m [38;5;21;01murllib[39;00m[38;5;21;01m.[39;00m[38;5;21;01mrequest[39;00m [38;5;28;01mimport[39;00m urlopen
[1;32m      4[0m [38;5;28;01mfrom[39;00m [38;5;21;01mrequests[39;00m[38;5;21;01m.[39;00m[38;5;21;01mmodels[39;00m [38;5;28;01mimport[39;00m PreparedRequest
[0;32m----> 5[0m [38;5;28;01mfrom[39;00m [38;5;21;01mlxml[39;00m [38;5;28;01mimport[39;00m html
[1;32m      6[0m [38;5;28;01mimport[39;00m [38;5;21;01mre[39;00m
[1;32m      7[0m [38;5;28;01mimport[39;00m [38;5;21;01mtime[39;00m

[0;31mModuleNotFoundError[0m: No module named 'lxml'
ModuleNotFoundError: No module named 'lxml'

