Traceback (most recent call last):
  File "/Users/adrianariton/Desktop/Adi/Faculta/An3/MIT/dkeatley/venv/lib/python3.13/site-packages/jupyter_cache/executors/utils.py", line 58, in single_nb_execution
    executenb(
    ~~~~~~~~~^
        nb,
        ^^^
    ...<4 lines>...
        **kwargs,
        ^^^^^^^^^
    )
    ^
  File "/Users/adrianariton/Desktop/Adi/Faculta/An3/MIT/dkeatley/venv/lib/python3.13/site-packages/nbclient/client.py", line 1319, in execute
    return NotebookClient(nb=nb, resources=resources, km=km, **kwargs).execute()
           ~~~~~~~~~~~~~~~~~~~~~~~~~~~~~~~~~~~~~~~~~~~~~~~~~~~~~~~~~~~~~~~~~~~^^
  File "/Users/adrianariton/Desktop/Adi/Faculta/An3/MIT/dkeatley/venv/lib/python3.13/site-packages/jupyter_core/utils/__init__.py", line 165, in wrapped
    return loop.run_until_complete(inner)
           ~~~~~~~~~~~~~~~~~~~~~~~^^^^^^^
  File "/opt/homebrew/Cellar/python@3.13/3.13.2/Frameworks/Python.framework/Versions/3.13/lib/python3.13/asyncio/base_events.py", line 725, in run_until_complete
    return future.result()
           ~~~~~~~~~~~~~^^
  File "/Users/adrianariton/Desktop/Adi/Faculta/An3/MIT/dkeatley/venv/lib/python3.13/site-packages/nbclient/client.py", line 709, in async_execute
    await self.async_execute_cell(
        cell, index, execution_count=self.code_cells_executed + 1
    )
  File "/Users/adrianariton/Desktop/Adi/Faculta/An3/MIT/dkeatley/venv/lib/python3.13/site-packages/nbclient/client.py", line 1062, in async_execute_cell
    await self._check_raise_for_error(cell, cell_index, exec_reply)
  File "/Users/adrianariton/Desktop/Adi/Faculta/An3/MIT/dkeatley/venv/lib/python3.13/site-packages/nbclient/client.py", line 918, in _check_raise_for_error
    raise CellExecutionError.from_cell_and_msg(cell, exec_reply_content)
nbclient.exceptions.CellExecutionError: An error occurred while executing the following cell:
------------------
!pip install qutip
from qutip import *
import numpy as np
import matplotlib.pyplot as plt
------------------

----- stdout -----
Collecting qutip
  Using cached qutip-5.1.1-cp313-cp313-macosx_11_0_arm64.whl.metadata (9.2 kB)
----- stdout -----
Collecting numpy>=1.22 (from qutip)
----- stdout -----
  Downloading numpy-2.2.4-cp313-cp313-macosx_14_0_arm64.whl.metadata (62 kB)
----- stdout -----
Collecting scipy>=1.9 (from qutip)
----- stdout -----
  Downloading scipy-1.15.2-cp313-cp313-macosx_14_0_arm64.whl.metadata (61 kB)
----- stdout -----
Requirement already satisfied: packaging in /Users/adrianariton/Desktop/Adi/Faculta/An3/MIT/dkeatley/venv/lib/python3.13/site-packages (from qutip) (24.2)
Using cached qutip-5.1.1-cp313-cp313-macosx_11_0_arm64.whl (10.0 MB)
----- stdout -----
Downloading numpy-2.2.4-cp313-cp313-macosx_14_0_arm64.whl (5.1 MB)
[?25l   [38;5;237mâ”â”â”â”â”â”â”â”â”â”â”â”â”â”â”â”â”â”â”â”â”â”â”â”â”â”â”â”â”â”â”â”â”â”â”â”â”â”â”â”[0m [32m0.0/5.1 MB[0m [31m?[0m eta [36m-:--:--[0m
----- stdout -----
[2K   [38;2;249;38;114mâ”â”â”â”â”â”â”â”â”â”â”â”â”â”â”â”â”â”â”â”â”â”â”â”â”â”â”â”[0m[38;2;249;38;114mâ•¸[0m[38;5;237mâ”â”â”â”â”â”â”â”â”â”â”[0m [32m3.7/5.1 MB[0m [31m20.3 MB/s[0m eta [36m0:00:01[0m
----- stdout -----
[2K   [38;2;114;156;31mâ”â”â”â”â”â”â”â”â”â”â”â”â”â”â”â”â”â”â”â”â”â”â”â”â”â”â”â”â”â”â”â”â”â”â”â”â”â”â”â”[0m [32m5.1/5.1 MB[0m [31m20.9 MB/s[0m eta [36m0:00:00[0m
[?25h
----- stdout -----
Downloading scipy-1.15.2-cp313-cp313-macosx_14_0_arm64.whl (22.4 MB)
[?25l   [38;5;237mâ”â”â”â”â”â”â”â”â”â”â”â”â”â”â”â”â”â”â”â”â”â”â”â”â”â”â”â”â”â”â”â”â”â”â”â”â”â”â”â”[0m [32m0.0/22.4 MB[0m [31m?[0m eta [36m-:--:--[0m
----- stdout -----
[2K   [38;2;249;38;114mâ”â”â”â”â”â”â”â”[0m[38;5;237mâ•º[0m[38;5;237mâ”â”â”â”â”â”â”â”â”â”â”â”â”â”â”â”â”â”â”â”â”â”â”â”â”â”â”â”â”â”â”[0m [32m4.7/22.4 MB[0m [31m23.3 MB/s[0m eta [36m0:00:01[0m
----- stdout -----
[2K   [38;2;249;38;114mâ”â”â”â”â”â”â”â”â”â”â”â”â”â”â”â”â”â”[0m[38;5;237mâ•º[0m[38;5;237mâ”â”â”â”â”â”â”â”â”â”â”â”â”â”â”â”â”â”â”â”â”[0m [32m10.2/22.4 MB[0m [31m25.8 MB/s[0m eta [36m0:00:01[0m
----- stdout -----
[2K   [38;2;249;38;114mâ”â”â”â”â”â”â”â”â”â”â”â”â”â”â”â”â”â”â”â”â”â”â”â”â”â”â”[0m[38;5;237mâ•º[0m[38;5;237mâ”â”â”â”â”â”â”â”â”â”â”â”[0m [32m15.2/22.4 MB[0m [31m25.4 MB/s[0m eta [36m0:00:01[0m
----- stdout -----
[2K   [38;2;249;38;114mâ”â”â”â”â”â”â”â”â”â”â”â”â”â”â”â”â”â”â”â”â”â”â”â”â”â”â”â”â”â”â”â”â”â”â”â”[0m[38;5;237mâ•º[0m[38;5;237mâ”â”â”[0m [32m20.2/22.4 MB[0m [31m24.9 MB/s[0m eta [36m0:00:01[0m
----- stdout -----
[2K   [38;2;114;156;31mâ”â”â”â”â”â”â”â”â”â”â”â”â”â”â”â”â”â”â”â”â”â”â”â”â”â”â”â”â”â”â”â”â”â”â”â”â”â”â”â”[0m [32m22.4/22.4 MB[0m [31m24.0 MB/s[0m eta [36m0:00:00[0m
[?25h
----- stdout -----
Installing collected packages: numpy, scipy, qutip
----- stdout -----
Successfully installed numpy-2.2.4 qutip-5.1.1 scipy-1.15.2
----- stdout -----

[1m[[0m[34;49mnotice[0m[1;39;49m][0m[39;49m A new release of pip is available: [0m[31;49m24.3.1[0m[39;49m -> [0m[32;49m25.0.1[0m
[1m[[0m[34;49mnotice[0m[1;39;49m][0m[39;49m To update, run: [0m[32;49mpip install --upgrade pip[0m
----- stderr -----
/Users/adrianariton/Desktop/Adi/Faculta/An3/AX/ax_new/venv/lib/python3.13/site-packages/qutip/__init__.py:24: UserWarning: matplotlib not found: Graphics will not work.
  warnings.warn("matplotlib not found: Graphics will not work.")
------------------

[0;31m---------------------------------------------------------------------------[0m
[0;31mModuleNotFoundError[0m                       Traceback (most recent call last)
Cell [0;32mIn[1], line 4[0m
[1;32m      2[0m [38;5;28;01mfrom[39;00m[38;5;250m [39m[38;5;21;01mqutip[39;00m[38;5;250m [39m[38;5;28;01mimport[39;00m [38;5;241m*[39m
[1;32m      3[0m [38;5;28;01mimport[39;00m[38;5;250m [39m[38;5;21;01mnumpy[39;00m[38;5;250m [39m[38;5;28;01mas[39;00m[38;5;250m [39m[38;5;21;01mnp[39;00m
[0;32m----> 4[0m [38;5;28;01mimport[39;00m[38;5;250m [39m[38;5;21;01mmatplotlib[39;00m[38;5;21;01m.[39;00m[38;5;21;01mpyplot[39;00m[38;5;250m [39m[38;5;28;01mas[39;00m[38;5;250m [39m[38;5;21;01mplt[39;00m

[0;31mModuleNotFoundError[0m: No module named 'matplotlib'

