Traceback (most recent call last):
  File "/opt/homebrew/lib/python3.11/site-packages/jupyter_cache/executors/utils.py", line 58, in single_nb_execution
    executenb(
  File "/opt/homebrew/lib/python3.11/site-packages/nbclient/client.py", line 1269, in execute
    return NotebookClient(nb=nb, resources=resources, km=km, **kwargs).execute()
           ^^^^^^^^^^^^^^^^^^^^^^^^^^^^^^^^^^^^^^^^^^^^^^^^^^^^^^^^^^^^^^^^^^^^^
  File "/opt/homebrew/lib/python3.11/site-packages/nbclient/util.py", line 85, in wrapped
    return just_run(coro(*args, **kwargs))
           ^^^^^^^^^^^^^^^^^^^^^^^^^^^^^^^
  File "/opt/homebrew/lib/python3.11/site-packages/nbclient/util.py", line 60, in just_run
    return loop.run_until_complete(coro)
           ^^^^^^^^^^^^^^^^^^^^^^^^^^^^^
  File "/opt/homebrew/Cellar/python@3.11/3.11.9/Frameworks/Python.framework/Versions/3.11/lib/python3.11/asyncio/base_events.py", line 654, in run_until_complete
    return future.result()
           ^^^^^^^^^^^^^^^
  File "/opt/homebrew/lib/python3.11/site-packages/nbclient/client.py", line 707, in async_execute
    await self.async_execute_cell(
  File "/opt/homebrew/lib/python3.11/site-packages/nbclient/client.py", line 1025, in async_execute_cell
    await self._check_raise_for_error(cell, cell_index, exec_reply)
  File "/opt/homebrew/lib/python3.11/site-packages/nbclient/client.py", line 919, in _check_raise_for_error
    raise CellExecutionError.from_cell_and_msg(cell, exec_reply_content)
nbclient.exceptions.CellExecutionError: An error occurred while executing the following cell:
------------------
#Install qutip
!pip install qutip

#Import qutip functions
from qutip import *

#Matplotlib tools for plotting
%matplotlib inline
import matplotlib.pyplot as plt
from matplotlib import cm

#Numpy for numerics
import numpy as np
from numpy import *
------------------

[0;31m---------------------------------------------------------------------------[0m
[0;31mModuleNotFoundError[0m                       Traceback (most recent call last)
Cell [0;32mIn[1], line 8[0m
[1;32m      5[0m [38;5;28;01mfrom[39;00m[38;5;250m [39m[38;5;21;01mqutip[39;00m[38;5;250m [39m[38;5;28;01mimport[39;00m [38;5;241m*[39m
[1;32m      7[0m [38;5;66;03m#Matplotlib tools for plotting[39;00m
[0;32m----> 8[0m [43mget_ipython[49m[43m([49m[43m)[49m[38;5;241;43m.[39;49m[43mrun_line_magic[49m[43m([49m[38;5;124;43m'[39;49m[38;5;124;43mmatplotlib[39;49m[38;5;124;43m'[39;49m[43m,[49m[43m [49m[38;5;124;43m'[39;49m[38;5;124;43minline[39;49m[38;5;124;43m'[39;49m[43m)[49m
[1;32m      9[0m [38;5;28;01mimport[39;00m[38;5;250m [39m[38;5;21;01mmatplotlib[39;00m[38;5;21;01m.[39;00m[38;5;21;01mpyplot[39;00m[38;5;250m [39m[38;5;28;01mas[39;00m[38;5;250m [39m[38;5;21;01mplt[39;00m
[1;32m     10[0m [38;5;28;01mfrom[39;00m[38;5;250m [39m[38;5;21;01mmatplotlib[39;00m[38;5;250m [39m[38;5;28;01mimport[39;00m cm

File [0;32m~/Desktop/Adi/Faculta/An3/AX/ax_new/venv/lib/python3.13/site-packages/IPython/core/interactiveshell.py:2482[0m, in [0;36mInteractiveShell.run_line_magic[0;34m(self, magic_name, line, _stack_depth)[0m
[1;32m   2480[0m     kwargs[[38;5;124m'[39m[38;5;124mlocal_ns[39m[38;5;124m'[39m] [38;5;241m=[39m [38;5;28mself[39m[38;5;241m.[39mget_local_scope(stack_depth)
[1;32m   2481[0m [38;5;28;01mwith[39;00m [38;5;28mself[39m[38;5;241m.[39mbuiltin_trap:
[0;32m-> 2482[0m     result [38;5;241m=[39m [43mfn[49m[43m([49m[38;5;241;43m*[39;49m[43margs[49m[43m,[49m[43m [49m[38;5;241;43m*[39;49m[38;5;241;43m*[39;49m[43mkwargs[49m[43m)[49m
[1;32m   2484[0m [38;5;66;03m# The code below prevents the output from being displayed[39;00m
[1;32m   2485[0m [38;5;66;03m# when using magics with decorator @output_can_be_silenced[39;00m
[1;32m   2486[0m [38;5;66;03m# when the last Python token in the expression is a ';'.[39;00m
[1;32m   2487[0m [38;5;28;01mif[39;00m [38;5;28mgetattr[39m(fn, magic[38;5;241m.[39mMAGIC_OUTPUT_CAN_BE_SILENCED, [38;5;28;01mFalse[39;00m):

File [0;32m~/Desktop/Adi/Faculta/An3/AX/ax_new/venv/lib/python3.13/site-packages/IPython/core/magics/pylab.py:103[0m, in [0;36mPylabMagics.matplotlib[0;34m(self, line)[0m
[1;32m     98[0m     [38;5;28mprint[39m(
[1;32m     99[0m         [38;5;124m"[39m[38;5;124mAvailable matplotlib backends: [39m[38;5;132;01m%s[39;00m[38;5;124m"[39m
[1;32m    100[0m         [38;5;241m%[39m _list_matplotlib_backends_and_gui_loops()
[1;32m    101[0m     )
[1;32m    102[0m [38;5;28;01melse[39;00m:
[0;32m--> 103[0m     gui, backend [38;5;241m=[39m [38;5;28;43mself[39;49m[38;5;241;43m.[39;49m[43mshell[49m[38;5;241;43m.[39;49m[43menable_matplotlib[49m[43m([49m[43margs[49m[38;5;241;43m.[39;49m[43mgui[49m[43m)[49m
[1;32m    104[0m     [38;5;28mself[39m[38;5;241m.[39m_show_matplotlib_backend(args[38;5;241m.[39mgui, backend)

File [0;32m~/Desktop/Adi/Faculta/An3/AX/ax_new/venv/lib/python3.13/site-packages/IPython/core/interactiveshell.py:3667[0m, in [0;36mInteractiveShell.enable_matplotlib[0;34m(self, gui)[0m
[1;32m   3664[0m     [38;5;28;01mimport[39;00m[38;5;250m [39m[38;5;21;01mmatplotlib_inline[39;00m[38;5;21;01m.[39;00m[38;5;21;01mbackend_inline[39;00m
[1;32m   3666[0m [38;5;28;01mfrom[39;00m[38;5;250m [39m[38;5;21;01mIPython[39;00m[38;5;21;01m.[39;00m[38;5;21;01mcore[39;00m[38;5;250m [39m[38;5;28;01mimport[39;00m pylabtools [38;5;28;01mas[39;00m pt
[0;32m-> 3667[0m gui, backend [38;5;241m=[39m [43mpt[49m[38;5;241;43m.[39;49m[43mfind_gui_and_backend[49m[43m([49m[43mgui[49m[43m,[49m[43m [49m[38;5;28;43mself[39;49m[38;5;241;43m.[39;49m[43mpylab_gui_select[49m[43m)[49m
[1;32m   3669[0m [38;5;28;01mif[39;00m gui [38;5;241m!=[39m [38;5;28;01mNone[39;00m:
[1;32m   3670[0m     [38;5;66;03m# If we have our first gui selection, store it[39;00m
[1;32m   3671[0m     [38;5;28;01mif[39;00m [38;5;28mself[39m[38;5;241m.[39mpylab_gui_select [38;5;129;01mis[39;00m [38;5;28;01mNone[39;00m:

File [0;32m~/Desktop/Adi/Faculta/An3/AX/ax_new/venv/lib/python3.13/site-packages/IPython/core/pylabtools.py:338[0m, in [0;36mfind_gui_and_backend[0;34m(gui, gui_select)[0m
[1;32m    321[0m [38;5;28;01mdef[39;00m[38;5;250m [39m[38;5;21mfind_gui_and_backend[39m(gui[38;5;241m=[39m[38;5;28;01mNone[39;00m, gui_select[38;5;241m=[39m[38;5;28;01mNone[39;00m):
[1;32m    322[0m [38;5;250m    [39m[38;5;124;03m"""Given a gui string return the gui and mpl backend.[39;00m
[1;32m    323[0m 
[1;32m    324[0m [38;5;124;03m    Parameters[39;00m
[0;32m   (...)[0m
[1;32m    335[0m [38;5;124;03m    'WXAgg','Qt4Agg','module://matplotlib_inline.backend_inline','agg').[39;00m
[1;32m    336[0m [38;5;124;03m    """[39;00m
[0;32m--> 338[0m     [38;5;28;01mimport[39;00m[38;5;250m [39m[38;5;21;01mmatplotlib[39;00m
[1;32m    340[0m     [38;5;28;01mif[39;00m _matplotlib_manages_backends():
[1;32m    341[0m         backend_registry [38;5;241m=[39m matplotlib[38;5;241m.[39mbackends[38;5;241m.[39mregistry[38;5;241m.[39mbackend_registry

[0;31mModuleNotFoundError[0m: No module named 'matplotlib'
ModuleNotFoundError: No module named 'matplotlib'

